<?xml version="1.0" encoding="UTF-8"?>
<testsuite name="com.sample.shopping.simpleorderservice.controller.OrderControllerTest" tests="2" skipped="0" failures="0" errors="0" timestamp="2021-04-19T20:39:27" hostname="Reeyas-MBP" time="0.541">
  <properties/>
  <testcase name="should return 400 response on invalid item quantity()" classname="com.sample.shopping.simpleorderservice.controller.OrderControllerTest" time="0.499"/>
  <testcase name="should return 200 response on valid request data()" classname="com.sample.shopping.simpleorderservice.controller.OrderControllerTest" time="0.041"/>
  <system-out><![CDATA[16:39:24.960 [Test worker] DEBUG org.springframework.test.context.BootstrapUtils - Instantiating CacheAwareContextLoaderDelegate from class [org.springframework.test.context.cache.DefaultCacheAwareContextLoaderDelegate]
16:39:24.974 [Test worker] DEBUG org.springframework.test.context.BootstrapUtils - Instantiating BootstrapContext using constructor [public org.springframework.test.context.support.DefaultBootstrapContext(java.lang.Class,org.springframework.test.context.CacheAwareContextLoaderDelegate)]
16:39:24.989 [Test worker] DEBUG org.springframework.test.context.BootstrapUtils - Instantiating TestContextBootstrapper for test class [com.sample.shopping.simpleorderservice.controller.OrderControllerTest] from class [org.springframework.boot.test.context.SpringBootTestContextBootstrapper]
16:39:24.997 [Test worker] INFO org.springframework.boot.test.context.SpringBootTestContextBootstrapper - Neither @ContextConfiguration nor @ContextHierarchy found for test class [com.sample.shopping.simpleorderservice.controller.OrderControllerTest], using SpringBootContextLoader
16:39:24.999 [Test worker] DEBUG org.springframework.test.context.support.AbstractContextLoader - Did not detect default resource location for test class [com.sample.shopping.simpleorderservice.controller.OrderControllerTest]: class path resource [com/sample/shopping/simpleorderservice/controller/OrderControllerTest-context.xml] does not exist
16:39:25.000 [Test worker] DEBUG org.springframework.test.context.support.AbstractContextLoader - Did not detect default resource location for test class [com.sample.shopping.simpleorderservice.controller.OrderControllerTest]: class path resource [com/sample/shopping/simpleorderservice/controller/OrderControllerTestContext.groovy] does not exist
16:39:25.000 [Test worker] INFO org.springframework.test.context.support.AbstractContextLoader - Could not detect default resource locations for test class [com.sample.shopping.simpleorderservice.controller.OrderControllerTest]: no resource found for suffixes {-context.xml, Context.groovy}.
16:39:25.003 [Test worker] INFO org.springframework.test.context.support.AnnotationConfigContextLoaderUtils - Could not detect default configuration classes for test class [com.sample.shopping.simpleorderservice.controller.OrderControllerTest]: OrderControllerTest does not declare any static, non-private, non-final, nested classes annotated with @Configuration.
16:39:25.040 [Test worker] DEBUG org.springframework.test.context.support.ActiveProfilesUtils - Could not find an 'annotation declaring class' for annotation type [org.springframework.test.context.ActiveProfiles] and class [com.sample.shopping.simpleorderservice.controller.OrderControllerTest]
16:39:25.087 [Test worker] DEBUG org.springframework.context.annotation.ClassPathScanningCandidateComponentProvider - Identified candidate component class: file [/Users/reeya/IdeaProjects/SimpleService/build/classes/kotlin/main/com/sample/shopping/SimpleApplication.class]
16:39:25.088 [Test worker] INFO org.springframework.boot.test.context.SpringBootTestContextBootstrapper - Found @SpringBootConfiguration com.sample.shopping.SimpleApplication for test class com.sample.shopping.simpleorderservice.controller.OrderControllerTest
16:39:25.132 [Test worker] DEBUG org.springframework.boot.test.context.SpringBootTestContextBootstrapper - @TestExecutionListeners is not present for class [com.sample.shopping.simpleorderservice.controller.OrderControllerTest]: using defaults.
16:39:25.132 [Test worker] INFO org.springframework.boot.test.context.SpringBootTestContextBootstrapper - Loaded default TestExecutionListener class names from location [META-INF/spring.factories]: [org.springframework.boot.test.autoconfigure.restdocs.RestDocsTestExecutionListener, org.springframework.boot.test.autoconfigure.web.client.MockRestServiceServerResetTestExecutionListener, org.springframework.boot.test.autoconfigure.web.servlet.MockMvcPrintOnlyOnFailureTestExecutionListener, org.springframework.boot.test.autoconfigure.web.servlet.WebDriverTestExecutionListener, org.springframework.boot.test.mock.mockito.MockitoTestExecutionListener, org.springframework.boot.test.mock.mockito.ResetMocksTestExecutionListener, org.springframework.test.context.web.ServletTestExecutionListener, org.springframework.test.context.support.DirtiesContextBeforeModesTestExecutionListener, org.springframework.test.context.support.DependencyInjectionTestExecutionListener, org.springframework.test.context.support.DirtiesContextTestExecutionListener, org.springframework.test.context.transaction.TransactionalTestExecutionListener, org.springframework.test.context.jdbc.SqlScriptsTestExecutionListener]
16:39:25.137 [Test worker] DEBUG org.springframework.boot.test.context.SpringBootTestContextBootstrapper - Skipping candidate TestExecutionListener [org.springframework.test.context.web.ServletTestExecutionListener] due to a missing dependency. Specify custom listener classes or make the default listener classes and their required dependencies available. Offending class: [javax/servlet/ServletContext]
16:39:25.138 [Test worker] DEBUG org.springframework.boot.test.context.SpringBootTestContextBootstrapper - Skipping candidate TestExecutionListener [org.springframework.test.context.transaction.TransactionalTestExecutionListener] due to a missing dependency. Specify custom listener classes or make the default listener classes and their required dependencies available. Offending class: [org/springframework/transaction/interceptor/TransactionAttributeSource]
16:39:25.139 [Test worker] DEBUG org.springframework.boot.test.context.SpringBootTestContextBootstrapper - Skipping candidate TestExecutionListener [org.springframework.test.context.jdbc.SqlScriptsTestExecutionListener] due to a missing dependency. Specify custom listener classes or make the default listener classes and their required dependencies available. Offending class: [org/springframework/transaction/interceptor/TransactionAttribute]
16:39:25.139 [Test worker] INFO org.springframework.boot.test.context.SpringBootTestContextBootstrapper - Using TestExecutionListeners: [org.springframework.test.context.support.DirtiesContextBeforeModesTestExecutionListener@5e900ac1, org.springframework.boot.test.mock.mockito.MockitoTestExecutionListener@ea087c, org.springframework.boot.test.autoconfigure.SpringBootDependencyInjectionTestExecutionListener@62ba445, org.springframework.test.context.support.DirtiesContextTestExecutionListener@248a158b, org.springframework.boot.test.autoconfigure.restdocs.RestDocsTestExecutionListener@7a92c5d9, org.springframework.boot.test.autoconfigure.web.client.MockRestServiceServerResetTestExecutionListener@2aeb8b1f, org.springframework.boot.test.autoconfigure.web.servlet.MockMvcPrintOnlyOnFailureTestExecutionListener@71391b8b, org.springframework.boot.test.autoconfigure.web.servlet.WebDriverTestExecutionListener@5eb7e6a, org.springframework.boot.test.mock.mockito.ResetMocksTestExecutionListener@69bbdf03]
16:39:25.141 [Test worker] DEBUG org.springframework.test.context.support.AbstractDirtiesContextTestExecutionListener - Before test class: context [DefaultTestContext@6d555fa0 testClass = OrderControllerTest, testInstance = [null], testMethod = [null], testException = [null], mergedContextConfiguration = [ReactiveWebMergedContextConfiguration@4342c971 testClass = OrderControllerTest, locations = '{}', classes = '{class com.sample.shopping.SimpleApplication}', contextInitializerClasses = '[]', activeProfiles = '{}', propertySourceLocations = '{}', propertySourceProperties = '{org.springframework.boot.test.context.SpringBootTestContextBootstrapper=true, server.port=0}', contextCustomizers = set[org.springframework.boot.test.autoconfigure.properties.PropertyMappingContextCustomizer@0, org.springframework.boot.test.autoconfigure.web.servlet.WebDriverContextCustomizerFactory$Customizer@1aa79ca8, org.springframework.boot.test.context.filter.ExcludeFilterContextCustomizer@f8aab14, org.springframework.boot.test.json.DuplicateJsonObjectContextCustomizerFactory$DuplicateJsonObjectContextCustomizer@29248ddd, org.springframework.boot.test.mock.mockito.MockitoContextCustomizer@79309b62, org.springframework.boot.test.web.client.TestRestTemplateContextCustomizer@783e74a4, org.springframework.boot.test.web.reactive.server.WebTestClientContextCustomizer@41c4d4be], contextLoader = 'org.springframework.boot.test.context.SpringBootContextLoader', parent = [null]], attributes = map['org.springframework.test.context.web.ServletTestExecutionListener.activateListener' -> false]], class annotated with @DirtiesContext [false] with mode [null].
16:39:25.154 [Test worker] DEBUG org.springframework.test.context.support.TestPropertySourceUtils - Adding inlined properties to environment: {spring.jmx.enabled=false, org.springframework.boot.test.context.SpringBootTestContextBootstrapper=true, server.port=0}

  .   ____          _            __ _ _
 /\\ / ___'_ __ _ _(_)_ __  __ _ \ \ \ \
( ( )\___ | '_ | '_| | '_ \/ _` | \ \ \ \
 \\/  ___)| |_)| | | | | || (_| |  ) ) ) )
  '  |____| .__|_| |_|_| |_\__, | / / / /
 =========|_|==============|___/=/_/_/_/
 :: Spring Boot ::        (v2.1.6.RELEASE)

2021-04-19 16:39:25.345  INFO 67462 --- [    Test worker] c.s.s.s.controller.OrderControllerTest   : Starting OrderControllerTest on Reeyas-MBP with PID 67462 (started by reeya in /Users/reeya/IdeaProjects/SimpleService)
2021-04-19 16:39:25.346  INFO 67462 --- [    Test worker] c.s.s.s.controller.OrderControllerTest   : No active profile set, falling back to default profiles: default
2021-04-19 16:39:26.808  INFO 67462 --- [    Test worker] o.s.b.a.e.web.EndpointLinksResolver      : Exposing 2 endpoint(s) beneath base path '/actuator'
2021-04-19 16:39:27.178  INFO 67462 --- [    Test worker] o.s.b.web.embedded.netty.NettyWebServer  : Netty started on port(s): 52219
2021-04-19 16:39:27.181  INFO 67462 --- [    Test worker] c.s.s.s.controller.OrderControllerTest   : Started OrderControllerTest in 2.025 seconds (JVM running for 2.724)
]]></system-out>
  <system-err><![CDATA[]]></system-err>
</testsuite>
